[2023-12-18T20:27:20.820+0000] {taskinstance.py:1159} INFO - Dependencies all met for dep_context=non-requeueable deps ti=<TaskInstance: liverpool_dag.load_data manual__2023-12-18T20:26:09.057409+00:00 [queued]>
[2023-12-18T20:27:20.832+0000] {taskinstance.py:1159} INFO - Dependencies all met for dep_context=requeueable deps ti=<TaskInstance: liverpool_dag.load_data manual__2023-12-18T20:26:09.057409+00:00 [queued]>
[2023-12-18T20:27:20.833+0000] {taskinstance.py:1361} INFO - Starting attempt 2 of 4
[2023-12-18T20:27:20.852+0000] {taskinstance.py:1382} INFO - Executing <Task(PythonOperator): load_data> on 2023-12-18 20:26:09.057409+00:00
[2023-12-18T20:27:20.857+0000] {standard_task_runner.py:57} INFO - Started process 245 to run task
[2023-12-18T20:27:20.863+0000] {standard_task_runner.py:84} INFO - Running: ['***', 'tasks', 'run', 'liverpool_dag', 'load_data', 'manual__2023-12-18T20:26:09.057409+00:00', '--job-id', '182', '--raw', '--subdir', 'DAGS_FOLDER/liverpool.py', '--cfg-path', '/tmp/tmpbfpj6qpp']
[2023-12-18T20:27:20.869+0000] {standard_task_runner.py:85} INFO - Job 182: Subtask load_data
[2023-12-18T20:27:20.936+0000] {task_command.py:416} INFO - Running <TaskInstance: liverpool_dag.load_data manual__2023-12-18T20:26:09.057409+00:00 [running]> on host d017a9b7b4e6
[2023-12-18T20:27:21.044+0000] {taskinstance.py:1662} INFO - Exporting env vars: AIRFLOW_CTX_DAG_OWNER='***' AIRFLOW_CTX_DAG_ID='liverpool_dag' AIRFLOW_CTX_TASK_ID='load_data' AIRFLOW_CTX_EXECUTION_DATE='2023-12-18T20:26:09.057409+00:00' AIRFLOW_CTX_TRY_NUMBER='2' AIRFLOW_CTX_DAG_RUN_ID='manual__2023-12-18T20:26:09.057409+00:00'
[2023-12-18T20:27:21.061+0000] {taskinstance.py:1937} ERROR - Task failed with exception
Traceback (most recent call last):
  File "/home/airflow/.local/lib/python3.8/site-packages/airflow/operators/python.py", line 192, in execute
    return_value = self.execute_callable()
  File "/home/airflow/.local/lib/python3.8/site-packages/airflow/operators/python.py", line 209, in execute_callable
    return self.python_callable(*self.op_args, **self.op_kwargs)
  File "/opt/airflow/dags/liverpool.py", line 24, in load_data_callable
    cargar_datos_a_bd(processed_data, conn)
NameError: name 'conn' is not defined
[2023-12-18T20:27:21.079+0000] {taskinstance.py:1400} INFO - Marking task as UP_FOR_RETRY. dag_id=liverpool_dag, task_id=load_data, execution_date=20231218T202609, start_date=20231218T202720, end_date=20231218T202721
[2023-12-18T20:27:21.093+0000] {standard_task_runner.py:104} ERROR - Failed to execute job 182 for task load_data (name 'conn' is not defined; 245)
[2023-12-18T20:27:21.119+0000] {local_task_job_runner.py:228} INFO - Task exited with return code 1
[2023-12-18T20:27:21.167+0000] {taskinstance.py:2778} INFO - 0 downstream tasks scheduled from follow-on schedule check
