[2023-12-22T03:16:52.631+0000] {taskinstance.py:1159} INFO - Dependencies all met for dep_context=non-requeueable deps ti=<TaskInstance: liverpool_dag.connect_to_db manual__2023-12-22T03:14:46.219001+00:00 [queued]>
[2023-12-22T03:16:52.651+0000] {taskinstance.py:1159} INFO - Dependencies all met for dep_context=requeueable deps ti=<TaskInstance: liverpool_dag.connect_to_db manual__2023-12-22T03:14:46.219001+00:00 [queued]>
[2023-12-22T03:16:52.652+0000] {taskinstance.py:1361} INFO - Starting attempt 3 of 4
[2023-12-22T03:16:52.707+0000] {taskinstance.py:1382} INFO - Executing <Task(PythonOperator): connect_to_db> on 2023-12-22 03:14:46.219001+00:00
[2023-12-22T03:16:52.717+0000] {standard_task_runner.py:57} INFO - Started process 268 to run task
[2023-12-22T03:16:52.724+0000] {standard_task_runner.py:84} INFO - Running: ['***', 'tasks', 'run', 'liverpool_dag', 'connect_to_db', 'manual__2023-12-22T03:14:46.219001+00:00', '--job-id', '468', '--raw', '--subdir', 'DAGS_FOLDER/liverpool.py', '--cfg-path', '/tmp/tmpnqgi5c7b']
[2023-12-22T03:16:52.729+0000] {standard_task_runner.py:85} INFO - Job 468: Subtask connect_to_db
[2023-12-22T03:16:52.826+0000] {task_command.py:416} INFO - Running <TaskInstance: liverpool_dag.connect_to_db manual__2023-12-22T03:14:46.219001+00:00 [running]> on host d017a9b7b4e6
[2023-12-22T03:16:53.015+0000] {taskinstance.py:1662} INFO - Exporting env vars: AIRFLOW_CTX_DAG_OWNER='***' AIRFLOW_CTX_DAG_ID='liverpool_dag' AIRFLOW_CTX_TASK_ID='connect_to_db' AIRFLOW_CTX_EXECUTION_DATE='2023-12-22T03:14:46.219001+00:00' AIRFLOW_CTX_TRY_NUMBER='3' AIRFLOW_CTX_DAG_RUN_ID='manual__2023-12-22T03:14:46.219001+00:00'
[2023-12-22T03:16:53.020+0000] {utils.py:50} ERROR - Sección 'redshift' no encontrada en el archivo de configuración.
[2023-12-22T03:16:53.021+0000] {taskinstance.py:1937} ERROR - Task failed with exception
Traceback (most recent call last):
  File "/home/airflow/.local/lib/python3.8/site-packages/airflow/operators/python.py", line 192, in execute
    return_value = self.execute_callable()
  File "/home/airflow/.local/lib/python3.8/site-packages/airflow/operators/python.py", line 209, in execute_callable
    return self.python_callable(*self.op_args, **self.op_kwargs)
  File "/opt/airflow/scripts/utils.py", line 51, in build_conn_from_airflow_conn_id
    raise KeyError(error_msg)  # Levanta una excepción KeyError para indicar la falta de la sección 'redshift'
KeyError: "Sección 'redshift' no encontrada en el archivo de configuración."
[2023-12-22T03:16:53.053+0000] {taskinstance.py:1400} INFO - Marking task as UP_FOR_RETRY. dag_id=liverpool_dag, task_id=connect_to_db, execution_date=20231222T031446, start_date=20231222T031652, end_date=20231222T031653
[2023-12-22T03:16:53.076+0000] {standard_task_runner.py:104} ERROR - Failed to execute job 468 for task connect_to_db ("Sección 'redshift' no encontrada en el archivo de configuración."; 268)
[2023-12-22T03:16:53.099+0000] {local_task_job_runner.py:228} INFO - Task exited with return code 1
[2023-12-22T03:16:53.151+0000] {taskinstance.py:2778} INFO - 0 downstream tasks scheduled from follow-on schedule check
