[2023-12-22T03:15:50.571+0000] {taskinstance.py:1159} INFO - Dependencies all met for dep_context=non-requeueable deps ti=<TaskInstance: liverpool_dag.connect_to_db manual__2023-12-22T03:14:46.219001+00:00 [queued]>
[2023-12-22T03:15:50.592+0000] {taskinstance.py:1159} INFO - Dependencies all met for dep_context=requeueable deps ti=<TaskInstance: liverpool_dag.connect_to_db manual__2023-12-22T03:14:46.219001+00:00 [queued]>
[2023-12-22T03:15:50.593+0000] {taskinstance.py:1361} INFO - Starting attempt 2 of 4
[2023-12-22T03:15:50.629+0000] {taskinstance.py:1382} INFO - Executing <Task(PythonOperator): connect_to_db> on 2023-12-22 03:14:46.219001+00:00
[2023-12-22T03:15:50.639+0000] {standard_task_runner.py:57} INFO - Started process 229 to run task
[2023-12-22T03:15:50.647+0000] {standard_task_runner.py:84} INFO - Running: ['***', 'tasks', 'run', 'liverpool_dag', 'connect_to_db', 'manual__2023-12-22T03:14:46.219001+00:00', '--job-id', '467', '--raw', '--subdir', 'DAGS_FOLDER/liverpool.py', '--cfg-path', '/tmp/tmpo9og7fwh']
[2023-12-22T03:15:50.654+0000] {standard_task_runner.py:85} INFO - Job 467: Subtask connect_to_db
[2023-12-22T03:15:50.764+0000] {task_command.py:416} INFO - Running <TaskInstance: liverpool_dag.connect_to_db manual__2023-12-22T03:14:46.219001+00:00 [running]> on host d017a9b7b4e6
[2023-12-22T03:15:50.930+0000] {taskinstance.py:1662} INFO - Exporting env vars: AIRFLOW_CTX_DAG_OWNER='***' AIRFLOW_CTX_DAG_ID='liverpool_dag' AIRFLOW_CTX_TASK_ID='connect_to_db' AIRFLOW_CTX_EXECUTION_DATE='2023-12-22T03:14:46.219001+00:00' AIRFLOW_CTX_TRY_NUMBER='2' AIRFLOW_CTX_DAG_RUN_ID='manual__2023-12-22T03:14:46.219001+00:00'
[2023-12-22T03:15:50.932+0000] {utils.py:50} ERROR - Sección 'redshift' no encontrada en el archivo de configuración.
[2023-12-22T03:15:50.933+0000] {taskinstance.py:1937} ERROR - Task failed with exception
Traceback (most recent call last):
  File "/home/airflow/.local/lib/python3.8/site-packages/airflow/operators/python.py", line 192, in execute
    return_value = self.execute_callable()
  File "/home/airflow/.local/lib/python3.8/site-packages/airflow/operators/python.py", line 209, in execute_callable
    return self.python_callable(*self.op_args, **self.op_kwargs)
  File "/opt/airflow/scripts/utils.py", line 51, in build_conn_from_airflow_conn_id
    raise KeyError(error_msg)  # Levanta una excepción KeyError para indicar la falta de la sección 'redshift'
KeyError: "Sección 'redshift' no encontrada en el archivo de configuración."
[2023-12-22T03:15:50.958+0000] {taskinstance.py:1400} INFO - Marking task as UP_FOR_RETRY. dag_id=liverpool_dag, task_id=connect_to_db, execution_date=20231222T031446, start_date=20231222T031550, end_date=20231222T031550
[2023-12-22T03:15:50.975+0000] {standard_task_runner.py:104} ERROR - Failed to execute job 467 for task connect_to_db ("Sección 'redshift' no encontrada en el archivo de configuración."; 229)
[2023-12-22T03:15:51.022+0000] {local_task_job_runner.py:228} INFO - Task exited with return code 1
[2023-12-22T03:15:51.077+0000] {taskinstance.py:2778} INFO - 0 downstream tasks scheduled from follow-on schedule check
