[2023-12-21T16:23:25.327+0000] {taskinstance.py:1159} INFO - Dependencies all met for dep_context=non-requeueable deps ti=<TaskInstance: liverpool_dag.load_data manual__2023-12-21T16:22:05.122993+00:00 [queued]>
[2023-12-21T16:23:25.341+0000] {taskinstance.py:1159} INFO - Dependencies all met for dep_context=requeueable deps ti=<TaskInstance: liverpool_dag.load_data manual__2023-12-21T16:22:05.122993+00:00 [queued]>
[2023-12-21T16:23:25.342+0000] {taskinstance.py:1361} INFO - Starting attempt 1 of 4
[2023-12-21T16:23:25.361+0000] {taskinstance.py:1382} INFO - Executing <Task(PythonOperator): load_data> on 2023-12-21 16:22:05.122993+00:00
[2023-12-21T16:23:25.425+0000] {standard_task_runner.py:57} INFO - Started process 1180 to run task
[2023-12-21T16:23:25.430+0000] {standard_task_runner.py:84} INFO - Running: ['***', 'tasks', 'run', 'liverpool_dag', 'load_data', 'manual__2023-12-21T16:22:05.122993+00:00', '--job-id', '313', '--raw', '--subdir', 'DAGS_FOLDER/liverpool.py', '--cfg-path', '/tmp/tmpg1jig8_p']
[2023-12-21T16:23:25.434+0000] {standard_task_runner.py:85} INFO - Job 313: Subtask load_data
[2023-12-21T16:23:26.626+0000] {task_command.py:416} INFO - Running <TaskInstance: liverpool_dag.load_data manual__2023-12-21T16:22:05.122993+00:00 [running]> on host d017a9b7b4e6
[2023-12-21T16:23:26.747+0000] {taskinstance.py:1662} INFO - Exporting env vars: AIRFLOW_CTX_DAG_OWNER='***' AIRFLOW_CTX_DAG_ID='liverpool_dag' AIRFLOW_CTX_TASK_ID='load_data' AIRFLOW_CTX_EXECUTION_DATE='2023-12-21T16:22:05.122993+00:00' AIRFLOW_CTX_TRY_NUMBER='1' AIRFLOW_CTX_DAG_RUN_ID='manual__2023-12-21T16:22:05.122993+00:00'
[2023-12-21T16:23:26.780+0000] {utils.py:23} ERROR - Error al conectarse a la base de datos: Can't load plugin: sqlalchemy.dialects:***
[2023-12-21T16:23:26.781+0000] {liverpool.py:39} ERROR - No se pudo obtener el motor de la base de datos.
[2023-12-21T16:23:26.824+0000] {taskinstance.py:1937} ERROR - Task failed with exception
Traceback (most recent call last):
  File "/home/airflow/.local/lib/python3.8/site-packages/airflow/operators/python.py", line 192, in execute
    return_value = self.execute_callable()
  File "/home/airflow/.local/lib/python3.8/site-packages/airflow/operators/python.py", line 209, in execute_callable
    return self.python_callable(*self.op_args, **self.op_kwargs)
  File "/opt/airflow/dags/liverpool.py", line 40, in load_data_callable
    raise RuntimeError(error_msg)
RuntimeError: No se pudo obtener el motor de la base de datos.
[2023-12-21T16:23:26.926+0000] {taskinstance.py:1400} INFO - Marking task as UP_FOR_RETRY. dag_id=liverpool_dag, task_id=load_data, execution_date=20231221T162205, start_date=20231221T162325, end_date=20231221T162326
[2023-12-21T16:23:27.057+0000] {standard_task_runner.py:104} ERROR - Failed to execute job 313 for task load_data (No se pudo obtener el motor de la base de datos.; 1180)
[2023-12-21T16:23:27.091+0000] {local_task_job_runner.py:228} INFO - Task exited with return code 1
[2023-12-21T16:23:27.142+0000] {taskinstance.py:2778} INFO - 0 downstream tasks scheduled from follow-on schedule check
