[2023-12-18T19:55:15.211+0000] {taskinstance.py:1159} INFO - Dependencies all met for dep_context=non-requeueable deps ti=<TaskInstance: liverpool_dag.load_data_to_db manual__2023-12-18T19:52:59.094608+00:00 [queued]>
[2023-12-18T19:55:15.228+0000] {taskinstance.py:1159} INFO - Dependencies all met for dep_context=requeueable deps ti=<TaskInstance: liverpool_dag.load_data_to_db manual__2023-12-18T19:52:59.094608+00:00 [queued]>
[2023-12-18T19:55:15.229+0000] {taskinstance.py:1361} INFO - Starting attempt 3 of 4
[2023-12-18T19:55:15.253+0000] {taskinstance.py:1382} INFO - Executing <Task(PythonOperator): load_data_to_db> on 2023-12-18 19:52:59.094608+00:00
[2023-12-18T19:55:15.261+0000] {standard_task_runner.py:57} INFO - Started process 287 to run task
[2023-12-18T19:55:15.269+0000] {standard_task_runner.py:84} INFO - Running: ['***', 'tasks', 'run', 'liverpool_dag', 'load_data_to_db', 'manual__2023-12-18T19:52:59.094608+00:00', '--job-id', '158', '--raw', '--subdir', 'DAGS_FOLDER/liverpool.py', '--cfg-path', '/tmp/tmptg3uofo5']
[2023-12-18T19:55:15.276+0000] {standard_task_runner.py:85} INFO - Job 158: Subtask load_data_to_db
[2023-12-18T19:55:15.402+0000] {task_command.py:416} INFO - Running <TaskInstance: liverpool_dag.load_data_to_db manual__2023-12-18T19:52:59.094608+00:00 [running]> on host d017a9b7b4e6
[2023-12-18T19:55:15.530+0000] {taskinstance.py:1662} INFO - Exporting env vars: AIRFLOW_CTX_DAG_OWNER='***' AIRFLOW_CTX_DAG_ID='liverpool_dag' AIRFLOW_CTX_TASK_ID='load_data_to_db' AIRFLOW_CTX_EXECUTION_DATE='2023-12-18T19:52:59.094608+00:00' AIRFLOW_CTX_TRY_NUMBER='3' AIRFLOW_CTX_DAG_RUN_ID='manual__2023-12-18T19:52:59.094608+00:00'
[2023-12-18T19:55:15.533+0000] {taskinstance.py:1937} ERROR - Task failed with exception
Traceback (most recent call last):
  File "/home/airflow/.local/lib/python3.8/site-packages/airflow/operators/python.py", line 192, in execute
    return_value = self.execute_callable()
  File "/home/airflow/.local/lib/python3.8/site-packages/airflow/operators/python.py", line 209, in execute_callable
    return self.python_callable(*self.op_args, **self.op_kwargs)
TypeError: cargar_datos_a_bd() missing 1 required positional argument: 'df'
[2023-12-18T19:55:15.547+0000] {taskinstance.py:1400} INFO - Marking task as UP_FOR_RETRY. dag_id=liverpool_dag, task_id=load_data_to_db, execution_date=20231218T195259, start_date=20231218T195515, end_date=20231218T195515
[2023-12-18T19:55:15.563+0000] {standard_task_runner.py:104} ERROR - Failed to execute job 158 for task load_data_to_db (cargar_datos_a_bd() missing 1 required positional argument: 'df'; 287)
[2023-12-18T19:55:15.602+0000] {local_task_job_runner.py:228} INFO - Task exited with return code 1
[2023-12-18T19:55:15.633+0000] {taskinstance.py:2778} INFO - 0 downstream tasks scheduled from follow-on schedule check
