[2023-12-21T15:54:24.038+0000] {taskinstance.py:1159} INFO - Dependencies all met for dep_context=non-requeueable deps ti=<TaskInstance: liverpool_dag.load_data manual__2023-12-21T15:54:13.313715+00:00 [queued]>
[2023-12-21T15:54:24.048+0000] {taskinstance.py:1159} INFO - Dependencies all met for dep_context=requeueable deps ti=<TaskInstance: liverpool_dag.load_data manual__2023-12-21T15:54:13.313715+00:00 [queued]>
[2023-12-21T15:54:24.049+0000] {taskinstance.py:1361} INFO - Starting attempt 1 of 4
[2023-12-21T15:54:24.066+0000] {taskinstance.py:1382} INFO - Executing <Task(PythonOperator): load_data> on 2023-12-21 15:54:13.313715+00:00
[2023-12-21T15:54:24.078+0000] {standard_task_runner.py:57} INFO - Started process 223 to run task
[2023-12-21T15:54:24.084+0000] {standard_task_runner.py:84} INFO - Running: ['***', 'tasks', 'run', 'liverpool_dag', 'load_data', 'manual__2023-12-21T15:54:13.313715+00:00', '--job-id', '306', '--raw', '--subdir', 'DAGS_FOLDER/liverpool.py', '--cfg-path', '/tmp/tmpxdpds79e']
[2023-12-21T15:54:24.089+0000] {standard_task_runner.py:85} INFO - Job 306: Subtask load_data
[2023-12-21T15:54:24.156+0000] {task_command.py:416} INFO - Running <TaskInstance: liverpool_dag.load_data manual__2023-12-21T15:54:13.313715+00:00 [running]> on host d017a9b7b4e6
[2023-12-21T15:54:24.268+0000] {taskinstance.py:1662} INFO - Exporting env vars: AIRFLOW_CTX_DAG_OWNER='***' AIRFLOW_CTX_DAG_ID='liverpool_dag' AIRFLOW_CTX_TASK_ID='load_data' AIRFLOW_CTX_EXECUTION_DATE='2023-12-21T15:54:13.313715+00:00' AIRFLOW_CTX_TRY_NUMBER='1' AIRFLOW_CTX_DAG_RUN_ID='manual__2023-12-21T15:54:13.313715+00:00'
[2023-12-21T15:54:24.304+0000] {utils.py:23} ERROR - Error al conectarse a la base de datos: Can't load plugin: sqlalchemy.dialects:***
[2023-12-21T15:54:24.305+0000] {liverpool.py:39} ERROR - No se pudo obtener el motor de la base de datos.
[2023-12-21T15:54:24.306+0000] {taskinstance.py:1937} ERROR - Task failed with exception
Traceback (most recent call last):
  File "/home/airflow/.local/lib/python3.8/site-packages/airflow/operators/python.py", line 192, in execute
    return_value = self.execute_callable()
  File "/home/airflow/.local/lib/python3.8/site-packages/airflow/operators/python.py", line 209, in execute_callable
    return self.python_callable(*self.op_args, **self.op_kwargs)
  File "/opt/airflow/dags/liverpool.py", line 40, in load_data_callable
    raise RuntimeError(error_msg)
RuntimeError: No se pudo obtener el motor de la base de datos.
[2023-12-21T15:54:24.323+0000] {taskinstance.py:1400} INFO - Marking task as UP_FOR_RETRY. dag_id=liverpool_dag, task_id=load_data, execution_date=20231221T155413, start_date=20231221T155424, end_date=20231221T155424
[2023-12-21T15:54:24.338+0000] {standard_task_runner.py:104} ERROR - Failed to execute job 306 for task load_data (No se pudo obtener el motor de la base de datos.; 223)
[2023-12-21T15:54:24.377+0000] {local_task_job_runner.py:228} INFO - Task exited with return code 1
[2023-12-21T15:54:24.425+0000] {taskinstance.py:2778} INFO - 0 downstream tasks scheduled from follow-on schedule check
