[2023-12-15T18:48:55.956+0000] {taskinstance.py:1159} INFO - Dependencies all met for dep_context=non-requeueable deps ti=<TaskInstance: liverpool_dag.connect_to_db manual__2023-12-15T18:46:47.710636+00:00 [queued]>
[2023-12-15T18:48:55.974+0000] {taskinstance.py:1159} INFO - Dependencies all met for dep_context=requeueable deps ti=<TaskInstance: liverpool_dag.connect_to_db manual__2023-12-15T18:46:47.710636+00:00 [queued]>
[2023-12-15T18:48:55.975+0000] {taskinstance.py:1361} INFO - Starting attempt 3 of 4
[2023-12-15T18:48:56.018+0000] {taskinstance.py:1382} INFO - Executing <Task(PythonOperator): connect_to_db> on 2023-12-15 18:46:47.710636+00:00
[2023-12-15T18:48:56.024+0000] {standard_task_runner.py:57} INFO - Started process 364 to run task
[2023-12-15T18:48:56.029+0000] {standard_task_runner.py:84} INFO - Running: ['***', 'tasks', 'run', 'liverpool_dag', 'connect_to_db', 'manual__2023-12-15T18:46:47.710636+00:00', '--job-id', '38', '--raw', '--subdir', 'DAGS_FOLDER/liverpool.py', '--cfg-path', '/tmp/tmp2jj8ioog']
[2023-12-15T18:48:56.034+0000] {standard_task_runner.py:85} INFO - Job 38: Subtask connect_to_db
[2023-12-15T18:48:56.160+0000] {task_command.py:416} INFO - Running <TaskInstance: liverpool_dag.connect_to_db manual__2023-12-15T18:46:47.710636+00:00 [running]> on host 9c6625b9960e
[2023-12-15T18:48:56.373+0000] {taskinstance.py:1662} INFO - Exporting env vars: AIRFLOW_CTX_DAG_OWNER='***' AIRFLOW_CTX_DAG_ID='liverpool_dag' AIRFLOW_CTX_TASK_ID='connect_to_db' AIRFLOW_CTX_EXECUTION_DATE='2023-12-15T18:46:47.710636+00:00' AIRFLOW_CTX_TRY_NUMBER='3' AIRFLOW_CTX_DAG_RUN_ID='manual__2023-12-15T18:46:47.710636+00:00'
[2023-12-15T18:48:56.376+0000] {taskinstance.py:1937} ERROR - Task failed with exception
Traceback (most recent call last):
  File "/home/airflow/.local/lib/python3.8/site-packages/airflow/operators/python.py", line 192, in execute
    return_value = self.execute_callable()
  File "/home/airflow/.local/lib/python3.8/site-packages/airflow/operators/python.py", line 209, in execute_callable
    return self.python_callable(*self.op_args, **self.op_kwargs)
  File "/opt/airflow/scripts/utils.py", line 46, in connect_to_db
    engine = sa.create_engine(conn_string)
  File "<string>", line 2, in create_engine
  File "/home/airflow/.local/lib/python3.8/site-packages/sqlalchemy/util/deprecations.py", line 375, in warned
    return fn(*args, **kwargs)
  File "/home/airflow/.local/lib/python3.8/site-packages/sqlalchemy/engine/create.py", line 516, in create_engine
    u, plugins, kwargs = u._instantiate_plugins(kwargs)
AttributeError: 'NoneType' object has no attribute '_instantiate_plugins'
[2023-12-15T18:48:56.405+0000] {taskinstance.py:1400} INFO - Marking task as UP_FOR_RETRY. dag_id=liverpool_dag, task_id=connect_to_db, execution_date=20231215T184647, start_date=20231215T184855, end_date=20231215T184856
[2023-12-15T18:48:56.429+0000] {standard_task_runner.py:104} ERROR - Failed to execute job 38 for task connect_to_db ('NoneType' object has no attribute '_instantiate_plugins'; 364)
[2023-12-15T18:48:56.443+0000] {local_task_job_runner.py:228} INFO - Task exited with return code 1
[2023-12-15T18:48:56.506+0000] {taskinstance.py:2778} INFO - 0 downstream tasks scheduled from follow-on schedule check
