[2023-12-21T23:41:22.820+0000] {taskinstance.py:1159} INFO - Dependencies all met for dep_context=non-requeueable deps ti=<TaskInstance: liverpool_dag.send_email_on_failure manual__2023-12-21T23:37:08.623264+00:00 [queued]>
[2023-12-21T23:41:22.838+0000] {taskinstance.py:1159} INFO - Dependencies all met for dep_context=requeueable deps ti=<TaskInstance: liverpool_dag.send_email_on_failure manual__2023-12-21T23:37:08.623264+00:00 [queued]>
[2023-12-21T23:41:22.839+0000] {taskinstance.py:1361} INFO - Starting attempt 2 of 4
[2023-12-21T23:41:22.873+0000] {taskinstance.py:1382} INFO - Executing <Task(PythonOperator): send_email_on_failure> on 2023-12-21 23:37:08.623264+00:00
[2023-12-21T23:41:22.893+0000] {standard_task_runner.py:84} INFO - Running: ['***', 'tasks', 'run', 'liverpool_dag', 'send_email_on_failure', 'manual__2023-12-21T23:37:08.623264+00:00', '--job-id', '388', '--raw', '--subdir', 'DAGS_FOLDER/liverpool.py', '--cfg-path', '/tmp/tmp18f_zxy4']
[2023-12-21T23:41:22.892+0000] {standard_task_runner.py:57} INFO - Started process 368 to run task
[2023-12-21T23:41:22.916+0000] {standard_task_runner.py:85} INFO - Job 388: Subtask send_email_on_failure
[2023-12-21T23:41:23.019+0000] {task_command.py:416} INFO - Running <TaskInstance: liverpool_dag.send_email_on_failure manual__2023-12-21T23:37:08.623264+00:00 [running]> on host d017a9b7b4e6
[2023-12-21T23:41:23.170+0000] {taskinstance.py:1662} INFO - Exporting env vars: AIRFLOW_CTX_DAG_OWNER='***' AIRFLOW_CTX_DAG_ID='liverpool_dag' AIRFLOW_CTX_TASK_ID='send_email_on_failure' AIRFLOW_CTX_EXECUTION_DATE='2023-12-21T23:37:08.623264+00:00' AIRFLOW_CTX_TRY_NUMBER='2' AIRFLOW_CTX_DAG_RUN_ID='manual__2023-12-21T23:37:08.623264+00:00'
[2023-12-21T23:41:23.172+0000] {taskinstance.py:1937} ERROR - Task failed with exception
Traceback (most recent call last):
  File "/home/airflow/.local/lib/python3.8/site-packages/airflow/operators/python.py", line 192, in execute
    return_value = self.execute_callable()
  File "/home/airflow/.local/lib/python3.8/site-packages/airflow/operators/python.py", line 209, in execute_callable
    return self.python_callable(*self.op_args, **self.op_kwargs)
TypeError: enviar_email() missing 1 required positional argument: 'context'
[2023-12-21T23:41:23.187+0000] {taskinstance.py:1400} INFO - Marking task as UP_FOR_RETRY. dag_id=liverpool_dag, task_id=send_email_on_failure, execution_date=20231221T233708, start_date=20231221T234122, end_date=20231221T234123
[2023-12-21T23:41:23.202+0000] {standard_task_runner.py:104} ERROR - Failed to execute job 388 for task send_email_on_failure (enviar_email() missing 1 required positional argument: 'context'; 368)
[2023-12-21T23:41:23.227+0000] {local_task_job_runner.py:228} INFO - Task exited with return code 1
[2023-12-21T23:41:23.305+0000] {taskinstance.py:2778} INFO - 0 downstream tasks scheduled from follow-on schedule check
