[2023-12-18T20:09:28.793+0000] {taskinstance.py:1159} INFO - Dependencies all met for dep_context=non-requeueable deps ti=<TaskInstance: liverpool_dag.load_data_callable manual__2023-12-18T20:07:12.862464+00:00 [queued]>
[2023-12-18T20:09:28.807+0000] {taskinstance.py:1159} INFO - Dependencies all met for dep_context=requeueable deps ti=<TaskInstance: liverpool_dag.load_data_callable manual__2023-12-18T20:07:12.862464+00:00 [queued]>
[2023-12-18T20:09:28.808+0000] {taskinstance.py:1361} INFO - Starting attempt 3 of 4
[2023-12-18T20:09:28.835+0000] {taskinstance.py:1382} INFO - Executing <Task(PythonOperator): load_data_callable> on 2023-12-18 20:07:12.862464+00:00
[2023-12-18T20:09:28.845+0000] {standard_task_runner.py:57} INFO - Started process 283 to run task
[2023-12-18T20:09:28.852+0000] {standard_task_runner.py:84} INFO - Running: ['***', 'tasks', 'run', 'liverpool_dag', 'load_data_callable', 'manual__2023-12-18T20:07:12.862464+00:00', '--job-id', '166', '--raw', '--subdir', 'DAGS_FOLDER/liverpool.py', '--cfg-path', '/tmp/tmpfmi8eer8']
[2023-12-18T20:09:28.858+0000] {standard_task_runner.py:85} INFO - Job 166: Subtask load_data_callable
[2023-12-18T20:09:28.957+0000] {task_command.py:416} INFO - Running <TaskInstance: liverpool_dag.load_data_callable manual__2023-12-18T20:07:12.862464+00:00 [running]> on host d017a9b7b4e6
[2023-12-18T20:09:29.100+0000] {taskinstance.py:1662} INFO - Exporting env vars: AIRFLOW_CTX_DAG_OWNER='***' AIRFLOW_CTX_DAG_ID='liverpool_dag' AIRFLOW_CTX_TASK_ID='load_data_callable' AIRFLOW_CTX_EXECUTION_DATE='2023-12-18T20:07:12.862464+00:00' AIRFLOW_CTX_TRY_NUMBER='3' AIRFLOW_CTX_DAG_RUN_ID='manual__2023-12-18T20:07:12.862464+00:00'
[2023-12-18T20:09:29.103+0000] {taskinstance.py:1937} ERROR - Task failed with exception
Traceback (most recent call last):
  File "/home/airflow/.local/lib/python3.8/site-packages/airflow/operators/python.py", line 192, in execute
    return_value = self.execute_callable()
  File "/home/airflow/.local/lib/python3.8/site-packages/airflow/operators/python.py", line 209, in execute_callable
    return self.python_callable(*self.op_args, **self.op_kwargs)
TypeError: cargar_datos_a_bd() missing 1 required positional argument: 'df'
[2023-12-18T20:09:29.116+0000] {taskinstance.py:1400} INFO - Marking task as UP_FOR_RETRY. dag_id=liverpool_dag, task_id=load_data_callable, execution_date=20231218T200712, start_date=20231218T200928, end_date=20231218T200929
[2023-12-18T20:09:29.133+0000] {standard_task_runner.py:104} ERROR - Failed to execute job 166 for task load_data_callable (cargar_datos_a_bd() missing 1 required positional argument: 'df'; 283)
[2023-12-18T20:09:29.145+0000] {local_task_job_runner.py:228} INFO - Task exited with return code 1
[2023-12-18T20:09:29.176+0000] {taskinstance.py:2778} INFO - 0 downstream tasks scheduled from follow-on schedule check
