[2023-12-19T16:56:45.806+0000] {taskinstance.py:1159} INFO - Dependencies all met for dep_context=non-requeueable deps ti=<TaskInstance: liverpool_dag.load_data manual__2023-12-19T16:56:28.812614+00:00 [queued]>
[2023-12-19T16:56:45.827+0000] {taskinstance.py:1159} INFO - Dependencies all met for dep_context=requeueable deps ti=<TaskInstance: liverpool_dag.load_data manual__2023-12-19T16:56:28.812614+00:00 [queued]>
[2023-12-19T16:56:45.829+0000] {taskinstance.py:1361} INFO - Starting attempt 1 of 4
[2023-12-19T16:56:45.872+0000] {taskinstance.py:1382} INFO - Executing <Task(PythonOperator): load_data> on 2023-12-19 16:56:28.812614+00:00
[2023-12-19T16:56:45.889+0000] {standard_task_runner.py:57} INFO - Started process 247 to run task
[2023-12-19T16:56:45.896+0000] {standard_task_runner.py:84} INFO - Running: ['***', 'tasks', 'run', 'liverpool_dag', 'load_data', 'manual__2023-12-19T16:56:28.812614+00:00', '--job-id', '248', '--raw', '--subdir', 'DAGS_FOLDER/liverpool.py', '--cfg-path', '/tmp/tmpxekbjar2']
[2023-12-19T16:56:45.907+0000] {standard_task_runner.py:85} INFO - Job 248: Subtask load_data
[2023-12-19T16:56:46.036+0000] {task_command.py:416} INFO - Running <TaskInstance: liverpool_dag.load_data manual__2023-12-19T16:56:28.812614+00:00 [running]> on host d017a9b7b4e6
[2023-12-19T16:56:46.268+0000] {taskinstance.py:1662} INFO - Exporting env vars: AIRFLOW_CTX_DAG_OWNER='***' AIRFLOW_CTX_DAG_ID='liverpool_dag' AIRFLOW_CTX_TASK_ID='load_data' AIRFLOW_CTX_EXECUTION_DATE='2023-12-19T16:56:28.812614+00:00' AIRFLOW_CTX_TRY_NUMBER='1' AIRFLOW_CTX_DAG_RUN_ID='manual__2023-12-19T16:56:28.812614+00:00'
[2023-12-19T16:56:46.370+0000] {utils.py:22} ERROR - Error al conectarse a la base de datos: Can't load plugin: sqlalchemy.dialects:***
[2023-12-19T16:56:46.372+0000] {taskinstance.py:1937} ERROR - Task failed with exception
Traceback (most recent call last):
  File "/home/airflow/.local/lib/python3.8/site-packages/airflow/operators/python.py", line 192, in execute
    return_value = self.execute_callable()
  File "/home/airflow/.local/lib/python3.8/site-packages/airflow/operators/python.py", line 209, in execute_callable
    return self.python_callable(*self.op_args, **self.op_kwargs)
  File "/opt/airflow/dags/liverpool.py", line 36, in load_data_callable
    logging.error("No se pudo obtener el motor de la base de datos.")
NameError: name 'logging' is not defined
[2023-12-19T16:56:46.429+0000] {taskinstance.py:1400} INFO - Marking task as UP_FOR_RETRY. dag_id=liverpool_dag, task_id=load_data, execution_date=20231219T165628, start_date=20231219T165645, end_date=20231219T165646
[2023-12-19T16:56:46.471+0000] {standard_task_runner.py:104} ERROR - Failed to execute job 248 for task load_data (name 'logging' is not defined; 247)
[2023-12-19T16:56:46.514+0000] {local_task_job_runner.py:228} INFO - Task exited with return code 1
[2023-12-19T16:56:46.559+0000] {taskinstance.py:2778} INFO - 0 downstream tasks scheduled from follow-on schedule check
