[2023-12-15T21:06:16.486+0000] {taskinstance.py:1159} INFO - Dependencies all met for dep_context=non-requeueable deps ti=<TaskInstance: liverpool_dag.connect_to_db manual__2023-12-15T21:04:09.378338+00:00 [queued]>
[2023-12-15T21:06:16.499+0000] {taskinstance.py:1159} INFO - Dependencies all met for dep_context=requeueable deps ti=<TaskInstance: liverpool_dag.connect_to_db manual__2023-12-15T21:04:09.378338+00:00 [queued]>
[2023-12-15T21:06:16.500+0000] {taskinstance.py:1361} INFO - Starting attempt 3 of 4
[2023-12-15T21:06:16.519+0000] {taskinstance.py:1382} INFO - Executing <Task(PythonOperator): connect_to_db> on 2023-12-15 21:04:09.378338+00:00
[2023-12-15T21:06:16.526+0000] {standard_task_runner.py:57} INFO - Started process 394 to run task
[2023-12-15T21:06:16.530+0000] {standard_task_runner.py:84} INFO - Running: ['***', 'tasks', 'run', 'liverpool_dag', 'connect_to_db', 'manual__2023-12-15T21:04:09.378338+00:00', '--job-id', '68', '--raw', '--subdir', 'DAGS_FOLDER/liverpool.py', '--cfg-path', '/tmp/tmpqawjzxaj']
[2023-12-15T21:06:16.534+0000] {standard_task_runner.py:85} INFO - Job 68: Subtask connect_to_db
[2023-12-15T21:06:16.618+0000] {task_command.py:416} INFO - Running <TaskInstance: liverpool_dag.connect_to_db manual__2023-12-15T21:04:09.378338+00:00 [running]> on host d017a9b7b4e6
[2023-12-15T21:06:16.750+0000] {taskinstance.py:1662} INFO - Exporting env vars: AIRFLOW_CTX_DAG_OWNER='***' AIRFLOW_CTX_DAG_ID='liverpool_dag' AIRFLOW_CTX_TASK_ID='connect_to_db' AIRFLOW_CTX_EXECUTION_DATE='2023-12-15T21:04:09.378338+00:00' AIRFLOW_CTX_TRY_NUMBER='3' AIRFLOW_CTX_DAG_RUN_ID='manual__2023-12-15T21:04:09.378338+00:00'
[2023-12-15T21:06:16.752+0000] {taskinstance.py:1937} ERROR - Task failed with exception
Traceback (most recent call last):
  File "/home/airflow/.local/lib/python3.8/site-packages/airflow/operators/python.py", line 192, in execute
    return_value = self.execute_callable()
  File "/home/airflow/.local/lib/python3.8/site-packages/airflow/operators/python.py", line 209, in execute_callable
    return self.python_callable(*self.op_args, **self.op_kwargs)
TypeError: connect_to_db() missing 1 required positional argument: 'conn_string'
[2023-12-15T21:06:16.771+0000] {taskinstance.py:1400} INFO - Marking task as UP_FOR_RETRY. dag_id=liverpool_dag, task_id=connect_to_db, execution_date=20231215T210409, start_date=20231215T210616, end_date=20231215T210616
[2023-12-15T21:06:16.788+0000] {standard_task_runner.py:104} ERROR - Failed to execute job 68 for task connect_to_db (connect_to_db() missing 1 required positional argument: 'conn_string'; 394)
[2023-12-15T21:06:16.823+0000] {local_task_job_runner.py:228} INFO - Task exited with return code 1
[2023-12-15T21:06:16.859+0000] {taskinstance.py:2778} INFO - 0 downstream tasks scheduled from follow-on schedule check
