[2023-12-19T16:17:49.626+0000] {taskinstance.py:1159} INFO - Dependencies all met for dep_context=non-requeueable deps ti=<TaskInstance: liverpool_dag.load_data manual__2023-12-19T16:15:29.405839+00:00 [queued]>
[2023-12-19T16:17:49.641+0000] {taskinstance.py:1159} INFO - Dependencies all met for dep_context=requeueable deps ti=<TaskInstance: liverpool_dag.load_data manual__2023-12-19T16:15:29.405839+00:00 [queued]>
[2023-12-19T16:17:49.642+0000] {taskinstance.py:1361} INFO - Starting attempt 3 of 4
[2023-12-19T16:17:49.671+0000] {taskinstance.py:1382} INFO - Executing <Task(PythonOperator): load_data> on 2023-12-19 16:15:29.405839+00:00
[2023-12-19T16:17:49.683+0000] {standard_task_runner.py:57} INFO - Started process 277 to run task
[2023-12-19T16:17:49.688+0000] {standard_task_runner.py:84} INFO - Running: ['***', 'tasks', 'run', 'liverpool_dag', 'load_data', 'manual__2023-12-19T16:15:29.405839+00:00', '--job-id', '242', '--raw', '--subdir', 'DAGS_FOLDER/liverpool.py', '--cfg-path', '/tmp/tmpticnmi4g']
[2023-12-19T16:17:49.711+0000] {standard_task_runner.py:85} INFO - Job 242: Subtask load_data
[2023-12-19T16:17:49.949+0000] {task_command.py:416} INFO - Running <TaskInstance: liverpool_dag.load_data manual__2023-12-19T16:15:29.405839+00:00 [running]> on host d017a9b7b4e6
[2023-12-19T16:17:50.406+0000] {taskinstance.py:1662} INFO - Exporting env vars: AIRFLOW_CTX_DAG_OWNER='***' AIRFLOW_CTX_DAG_ID='liverpool_dag' AIRFLOW_CTX_TASK_ID='load_data' AIRFLOW_CTX_EXECUTION_DATE='2023-12-19T16:15:29.405839+00:00' AIRFLOW_CTX_TRY_NUMBER='3' AIRFLOW_CTX_DAG_RUN_ID='manual__2023-12-19T16:15:29.405839+00:00'
[2023-12-19T16:17:50.688+0000] {utils.py:22} ERROR - Error al conectarse a la base de datos: Can't load plugin: sqlalchemy.dialects:***
[2023-12-19T16:17:50.691+0000] {taskinstance.py:1937} ERROR - Task failed with exception
Traceback (most recent call last):
  File "/home/airflow/.local/lib/python3.8/site-packages/airflow/operators/python.py", line 192, in execute
    return_value = self.execute_callable()
  File "/home/airflow/.local/lib/python3.8/site-packages/airflow/operators/python.py", line 209, in execute_callable
    return self.python_callable(*self.op_args, **self.op_kwargs)
  File "/opt/airflow/dags/liverpool.py", line 36, in load_data_callable
    logging.error("No se pudo obtener el motor de la base de datos.")
NameError: name 'logging' is not defined
[2023-12-19T16:17:50.752+0000] {taskinstance.py:1400} INFO - Marking task as UP_FOR_RETRY. dag_id=liverpool_dag, task_id=load_data, execution_date=20231219T161529, start_date=20231219T161749, end_date=20231219T161750
[2023-12-19T16:17:50.839+0000] {standard_task_runner.py:104} ERROR - Failed to execute job 242 for task load_data (name 'logging' is not defined; 277)
[2023-12-19T16:17:50.873+0000] {local_task_job_runner.py:228} INFO - Task exited with return code 1
[2023-12-19T16:17:50.952+0000] {taskinstance.py:2778} INFO - 0 downstream tasks scheduled from follow-on schedule check
