[2023-12-22T02:26:10.313+0000] {taskinstance.py:1159} INFO - Dependencies all met for dep_context=non-requeueable deps ti=<TaskInstance: liverpool_dag.connect_to_db manual__2023-12-22T02:23:02.216570+00:00 [queued]>
[2023-12-22T02:26:10.328+0000] {taskinstance.py:1159} INFO - Dependencies all met for dep_context=requeueable deps ti=<TaskInstance: liverpool_dag.connect_to_db manual__2023-12-22T02:23:02.216570+00:00 [queued]>
[2023-12-22T02:26:10.329+0000] {taskinstance.py:1361} INFO - Starting attempt 4 of 4
[2023-12-22T02:26:10.380+0000] {taskinstance.py:1382} INFO - Executing <Task(PythonOperator): connect_to_db> on 2023-12-22 02:23:02.216570+00:00
[2023-12-22T02:26:10.389+0000] {standard_task_runner.py:57} INFO - Started process 301 to run task
[2023-12-22T02:26:10.397+0000] {standard_task_runner.py:84} INFO - Running: ['***', 'tasks', 'run', 'liverpool_dag', 'connect_to_db', 'manual__2023-12-22T02:23:02.216570+00:00', '--job-id', '432', '--raw', '--subdir', 'DAGS_FOLDER/liverpool.py', '--cfg-path', '/tmp/tmpi25wb1ye']
[2023-12-22T02:26:10.403+0000] {standard_task_runner.py:85} INFO - Job 432: Subtask connect_to_db
[2023-12-22T02:26:10.480+0000] {task_command.py:416} INFO - Running <TaskInstance: liverpool_dag.connect_to_db manual__2023-12-22T02:23:02.216570+00:00 [running]> on host d017a9b7b4e6
[2023-12-22T02:26:10.625+0000] {taskinstance.py:1662} INFO - Exporting env vars: AIRFLOW_CTX_DAG_OWNER='***' AIRFLOW_CTX_DAG_ID='liverpool_dag' AIRFLOW_CTX_TASK_ID='connect_to_db' AIRFLOW_CTX_EXECUTION_DATE='2023-12-22T02:23:02.216570+00:00' AIRFLOW_CTX_TRY_NUMBER='4' AIRFLOW_CTX_DAG_RUN_ID='manual__2023-12-22T02:23:02.216570+00:00'
[2023-12-22T02:26:10.627+0000] {taskinstance.py:1937} ERROR - Task failed with exception
Traceback (most recent call last):
  File "/home/airflow/.local/lib/python3.8/site-packages/airflow/operators/python.py", line 192, in execute
    return_value = self.execute_callable()
  File "/home/airflow/.local/lib/python3.8/site-packages/airflow/operators/python.py", line 209, in execute_callable
    return self.python_callable(*self.op_args, **self.op_kwargs)
TypeError: build_conn_from_***_conn_id() missing 1 required positional argument: 'config_file_path'
[2023-12-22T02:26:10.648+0000] {taskinstance.py:1400} INFO - Marking task as FAILED. dag_id=liverpool_dag, task_id=connect_to_db, execution_date=20231222T022302, start_date=20231222T022610, end_date=20231222T022610
[2023-12-22T02:26:10.669+0000] {standard_task_runner.py:104} ERROR - Failed to execute job 432 for task connect_to_db (build_conn_from_***_conn_id() missing 1 required positional argument: 'config_file_path'; 301)
[2023-12-22T02:26:10.690+0000] {local_task_job_runner.py:228} INFO - Task exited with return code 1
[2023-12-22T02:26:10.742+0000] {taskinstance.py:2778} INFO - 1 downstream tasks scheduled from follow-on schedule check
