[2023-12-15T20:14:29.910+0000] {taskinstance.py:1159} INFO - Dependencies all met for dep_context=non-requeueable deps ti=<TaskInstance: liverpool_dag.connect_to_db manual__2023-12-15T20:11:18.325503+00:00 [queued]>
[2023-12-15T20:14:29.928+0000] {taskinstance.py:1159} INFO - Dependencies all met for dep_context=requeueable deps ti=<TaskInstance: liverpool_dag.connect_to_db manual__2023-12-15T20:11:18.325503+00:00 [queued]>
[2023-12-15T20:14:29.929+0000] {taskinstance.py:1361} INFO - Starting attempt 4 of 4
[2023-12-15T20:14:29.956+0000] {taskinstance.py:1382} INFO - Executing <Task(PythonOperator): connect_to_db> on 2023-12-15 20:11:18.325503+00:00
[2023-12-15T20:14:29.969+0000] {standard_task_runner.py:57} INFO - Started process 313 to run task
[2023-12-15T20:14:29.975+0000] {standard_task_runner.py:84} INFO - Running: ['***', 'tasks', 'run', 'liverpool_dag', 'connect_to_db', 'manual__2023-12-15T20:11:18.325503+00:00', '--job-id', '54', '--raw', '--subdir', 'DAGS_FOLDER/liverpool.py', '--cfg-path', '/tmp/tmpdefkgez8']
[2023-12-15T20:14:29.980+0000] {standard_task_runner.py:85} INFO - Job 54: Subtask connect_to_db
[2023-12-15T20:14:30.240+0000] {task_command.py:416} INFO - Running <TaskInstance: liverpool_dag.connect_to_db manual__2023-12-15T20:11:18.325503+00:00 [running]> on host d017a9b7b4e6
[2023-12-15T20:14:30.597+0000] {taskinstance.py:1662} INFO - Exporting env vars: AIRFLOW_CTX_DAG_OWNER='***' AIRFLOW_CTX_DAG_ID='liverpool_dag' AIRFLOW_CTX_TASK_ID='connect_to_db' AIRFLOW_CTX_EXECUTION_DATE='2023-12-15T20:11:18.325503+00:00' AIRFLOW_CTX_TRY_NUMBER='4' AIRFLOW_CTX_DAG_RUN_ID='manual__2023-12-15T20:11:18.325503+00:00'
[2023-12-15T20:14:30.602+0000] {taskinstance.py:1937} ERROR - Task failed with exception
Traceback (most recent call last):
  File "/home/airflow/.local/lib/python3.8/site-packages/airflow/operators/python.py", line 192, in execute
    return_value = self.execute_callable()
  File "/home/airflow/.local/lib/python3.8/site-packages/airflow/operators/python.py", line 209, in execute_callable
    return self.python_callable(*self.op_args, **self.op_kwargs)
  File "/opt/airflow/scripts/utils.py", line 47, in connect_to_db
    engine = sa.create_engine(conn_string)
  File "<string>", line 2, in create_engine
  File "/home/airflow/.local/lib/python3.8/site-packages/sqlalchemy/util/deprecations.py", line 375, in warned
    return fn(*args, **kwargs)
  File "/home/airflow/.local/lib/python3.8/site-packages/sqlalchemy/engine/create.py", line 516, in create_engine
    u, plugins, kwargs = u._instantiate_plugins(kwargs)
AttributeError: 'NoneType' object has no attribute '_instantiate_plugins'
[2023-12-15T20:14:30.650+0000] {taskinstance.py:1400} INFO - Marking task as FAILED. dag_id=liverpool_dag, task_id=connect_to_db, execution_date=20231215T201118, start_date=20231215T201429, end_date=20231215T201430
[2023-12-15T20:14:30.684+0000] {standard_task_runner.py:104} ERROR - Failed to execute job 54 for task connect_to_db ('NoneType' object has no attribute '_instantiate_plugins'; 313)
[2023-12-15T20:14:30.713+0000] {local_task_job_runner.py:228} INFO - Task exited with return code 1
[2023-12-15T20:14:30.839+0000] {taskinstance.py:2778} INFO - 0 downstream tasks scheduled from follow-on schedule check
